#
# There is insufficient memory for the Java Runtime Environment to continue.
# Native memory allocation (mmap) failed to map 398458880 bytes for Failed to commit area from 0x0000000684400000 to 0x000000069c000000 of length 398458880.
# Possible reasons:
#   The system is out of physical RAM or swap space
#   The process is running with CompressedOops enabled, and the Java Heap may be blocking the growth of the native heap
# Possible solutions:
#   Reduce memory load on the system
#   Increase physical memory or swap space
#   Check if swap backing store is full
#   Decrease Java heap size (-Xmx/-Xms)
#   Decrease number of Java threads
#   Decrease Java thread stack sizes (-Xss)
#   Set larger code cache with -XX:ReservedCodeCacheSize=
# This output file may be truncated or incomplete.
#
#  Out of Memory Error (./src/hotspot/os/windows/os_windows.cpp:3521), pid=40452, tid=2252
#
# JRE version:  (11.0.12+7) (build )
# Java VM: OpenJDK 64-Bit Server VM (11.0.12+7-b1504.40, mixed mode, sharing, tiered, compressed oops, g1 gc, windows-amd64)
# No core dump will be written. Minidumps are not enabled by default on client versions of Windows
#

---------------  S U M M A R Y ------------

Command Line: git4idea.http.GitAskPassApp Username for 'https://github.com': 

Host: 11th Gen Intel(R) Core(TM) i5-11500 @ 2.70GHz, 12 cores, 23G,  Windows 10 , 64 bit Build 19041 (10.0.19041.3570)
Time: Mon Oct 23 18:45:24 2023 中国标准时间 elapsed time: 0.011547 seconds (0d 0h 0m 0s)

---------------  T H R E A D  ---------------

Current thread (0x000002263491e800):  JavaThread "Unknown thread" [_thread_in_vm, id=2252, stack(0x0000005ff4f00000,0x0000005ff5000000)]

Stack: [0x0000005ff4f00000,0x0000005ff5000000]
Native frames: (J=compiled Java code, j=interpreted, Vv=VM code, C=native code)
V  [jvm.dll+0x5ff40a]
V  [jvm.dll+0x783b65]
V  [jvm.dll+0x78517d]
V  [jvm.dll+0x785833]
V  [jvm.dll+0x249408]
V  [jvm.dll+0x5fc7f4]
V  [jvm.dll+0x5f13c5]
V  [jvm.dll+0x3076bb]
V  [jvm.dll+0x30762a]
V  [jvm.dll+0x307502]
V  [jvm.dll+0x30c466]
V  [jvm.dll+0x355543]
V  [jvm.dll+0x355c46]
V  [jvm.dll+0x355643]
V  [jvm.dll+0x2e2018]
V  [jvm.dll+0x2e31c7]
V  [jvm.dll+0x761f57]
V  [jvm.dll+0x76374c]
V  [jvm.dll+0x362ab9]
V  [jvm.dll+0x7455be]
V  [jvm.dll+0x3cb673]
V  [jvm.dll+0x3cda21]
C  [jli.dll+0x536b]
C  [ucrtbase.dll+0x21bb2]
C  [KERNEL32.DLL+0x17344]
C  [ntdll.dll+0x526b1]


---------------  P R O C E S S  ---------------

Threads class SMR info:
_java_thread_list=0x00000226326d2270, length=0, elements={
}

Java Threads: ( => current thread )

Other Threads:
  0x0000022634939000 GCTaskThread "GC Thread#0" [stack: 0x0000005ff5000000,0x0000005ff5100000] [id=42628]
  0x00000226349c1000 ConcurrentGCThread "G1 Main Marker" [stack: 0x0000005ff5100000,0x0000005ff5200000] [id=30016]
  0x00000226349c3800 ConcurrentGCThread "G1 Conc#0" [stack: 0x0000005ff5200000,0x0000005ff5300000] [id=42420]

[error occurred during error reporting (printing all threads), id 0xc0000005, EXCEPTION_ACCESS_VIOLATION (0xc0000005) at pc=0x00007ffaa0af27a7]

VM state:not at safepoint (not fully initialized)

VM Mutex/Monitor currently owned by a thread:  ([mutex/lock_event])
[0x000002263491a8e0] Heap_lock - owner thread: 0x000002263491e800

Heap address: 0x0000000684400000, size: 6076 MB, Compressed Oops mode: Non-zero based: 0x0000000684400000
Narrow klass base: 0x0000000000000000, Narrow klass shift: 0

GC Heap History (0 events):
No events

Deoptimization events (0 events):
No events

Classes redefined (0 events):
No events

Internal exceptions (0 events):
No events

Events (1 events):
Event: 0.008 Loaded shared library Z:\develop\jetbrains\IntelliJ IDEA 2021.2.3\jbr\bin\zip.dll


Dynamic libraries:
0x00007ff71fd10000 - 0x00007ff71fd1a000 	Z:\develop\jetbrains\IntelliJ IDEA 2021.2.3\jbr\bin\java.exe
0x00007ffaf85f0000 - 0x00007ffaf87e7000 	C:\Windows\SYSTEM32\ntdll.dll
0x00007ffaf6650000 - 0x00007ffaf670d000 	C:\Windows\System32\KERNEL32.DLL
0x00007ffaf61c0000 - 0x00007ffaf64b6000 	C:\Windows\System32\KERNELBASE.dll
0x00007ffaf6550000 - 0x00007ffaf6650000 	C:\Windows\System32\ucrtbase.dll
0x00007ffacac00000 - 0x00007ffacac17000 	Z:\develop\jetbrains\IntelliJ IDEA 2021.2.3\jbr\bin\VCRUNTIME140.dll
0x00007ffacaec0000 - 0x00007ffacaed9000 	Z:\develop\jetbrains\IntelliJ IDEA 2021.2.3\jbr\bin\jli.dll
0x00007ffaf6840000 - 0x00007ffaf69de000 	C:\Windows\System32\USER32.dll
0x00007ffaf5d90000 - 0x00007ffaf5db2000 	C:\Windows\System32\win32u.dll
0x00007ffaf7610000 - 0x00007ffaf763c000 	C:\Windows\System32\GDI32.dll
0x00007ffaf5f50000 - 0x00007ffaf606a000 	C:\Windows\System32\gdi32full.dll
0x00007ffae8fb0000 - 0x00007ffae924a000 	C:\Windows\WinSxS\amd64_microsoft.windows.common-controls_6595b64144ccf1df_6.0.19041.3570_none_60bb2a3971f3e41a\COMCTL32.dll
0x00007ffaf6070000 - 0x00007ffaf610d000 	C:\Windows\System32\msvcp_win.dll
0x00007ffaf8090000 - 0x00007ffaf812e000 	C:\Windows\System32\msvcrt.dll
0x00007ffaf8580000 - 0x00007ffaf85b0000 	C:\Windows\System32\IMM32.DLL
0x00007ffab0a40000 - 0x00007ffab0add000 	Z:\develop\jetbrains\IntelliJ IDEA 2021.2.3\jbr\bin\msvcp140.dll
0x00007ffaa0800000 - 0x00007ffaa1358000 	Z:\develop\jetbrains\IntelliJ IDEA 2021.2.3\jbr\bin\server\jvm.dll
0x00007ffaf8130000 - 0x00007ffaf81de000 	C:\Windows\System32\ADVAPI32.dll
0x00007ffaf84e0000 - 0x00007ffaf857c000 	C:\Windows\System32\sechost.dll
0x00007ffaf6710000 - 0x00007ffaf6836000 	C:\Windows\System32\RPCRT4.dll
0x00007ffaf8390000 - 0x00007ffaf8398000 	C:\Windows\System32\PSAPI.DLL
0x00007ffad3ff0000 - 0x00007ffad3ff9000 	C:\Windows\SYSTEM32\WSOCK32.dll
0x00007ffaed250000 - 0x00007ffaed277000 	C:\Windows\SYSTEM32\WINMM.dll
0x00007ffaef0f0000 - 0x00007ffaef0fa000 	C:\Windows\SYSTEM32\VERSION.dll
0x00007ffaf7540000 - 0x00007ffaf75ab000 	C:\Windows\System32\WS2_32.dll
0x00007ffaf4550000 - 0x00007ffaf4562000 	C:\Windows\SYSTEM32\kernel.appcore.dll
0x00007ffaf05b0000 - 0x00007ffaf05c1000 	Z:\develop\jetbrains\IntelliJ IDEA 2021.2.3\jbr\bin\verify.dll
0x00007ffaf4080000 - 0x00007ffaf4264000 	C:\Windows\SYSTEM32\DBGHELP.DLL
0x00007ffaecfa0000 - 0x00007ffaecfd4000 	C:\Windows\SYSTEM32\dbgcore.DLL
0x00007ffaf64c0000 - 0x00007ffaf6542000 	C:\Windows\System32\bcryptPrimitives.dll
0x00007ffac9890000 - 0x00007ffac98b9000 	Z:\develop\jetbrains\IntelliJ IDEA 2021.2.3\jbr\bin\java.dll
0x00007ffaf0510000 - 0x00007ffaf051b000 	Z:\develop\jetbrains\IntelliJ IDEA 2021.2.3\jbr\bin\jimage.dll
0x00007ffaed030000 - 0x00007ffaed048000 	Z:\develop\jetbrains\IntelliJ IDEA 2021.2.3\jbr\bin\zip.dll

dbghelp: loaded successfully - version: 4.0.5 - missing functions: none
symbol engine: initialized successfully - sym options: 0x614 - pdb path: .;Z:\develop\jetbrains\IntelliJ IDEA 2021.2.3\jbr\bin;C:\Windows\SYSTEM32;C:\Windows\WinSxS\amd64_microsoft.windows.common-controls_6595b64144ccf1df_6.0.19041.3570_none_60bb2a3971f3e41a;Z:\develop\jetbrains\IntelliJ IDEA 2021.2.3\jbr\bin\server

VM Arguments:
java_command: git4idea.http.GitAskPassApp Username for 'https://github.com': 
java_class_path (initial): Z:/develop/jetbrains/IntelliJ IDEA 2021.2.3/plugins/git4idea/lib/git4idea-rt.jar;Z:/develop/jetbrains/IntelliJ IDEA 2021.2.3/lib/3rd-party.jar
Launcher Type: SUN_STANDARD

[Global flags]
     intx CICompilerCount                          = 4                                         {product} {ergonomic}
     uint ConcGCThreads                            = 3                                         {product} {ergonomic}
     uint G1ConcRefinementThreads                  = 10                                        {product} {ergonomic}
   size_t G1HeapRegionSize                         = 1048576                                   {product} {ergonomic}
    uintx GCDrainStackTargetSize                   = 64                                        {product} {ergonomic}
   size_t InitialHeapSize                          = 398458880                                 {product} {ergonomic}
   size_t MarkStackSize                            = 4194304                                   {product} {ergonomic}
   size_t MaxHeapSize                              = 6371147776                                {product} {ergonomic}
   size_t MinHeapDeltaBytes                        = 1048576                                   {product} {ergonomic}
    uintx NonNMethodCodeHeapSize                   = 5836300                                {pd product} {ergonomic}
    uintx NonProfiledCodeHeapSize                  = 122910970                              {pd product} {ergonomic}
    uintx ProfiledCodeHeapSize                     = 122910970                              {pd product} {ergonomic}
    uintx ReservedCodeCacheSize                    = 251658240                              {pd product} {ergonomic}
     bool SegmentedCodeCache                       = true                                      {product} {ergonomic}
     bool UseCompressedClassPointers               = true                                 {lp64_product} {ergonomic}
     bool UseCompressedOops                        = true                                 {lp64_product} {ergonomic}
     bool UseG1GC                                  = true                                      {product} {ergonomic}
     bool UseLargePagesIndividualAllocation        = false                                  {pd product} {ergonomic}

Logging:
Log output configuration:
 #0: stdout all=warning uptime,level,tags
 #1: stderr all=off uptime,level,tags

Environment Variables:
JAVA_HOME=Z:\develop\jdk
PATH=Z:\develop\git\Git\mingw64\libexec\git-core;Z:\develop\git\Git\mingw64\libexec\git-core;Z:\develop\git\Git\mingw64\bin;Z:\develop\git\Git\usr\bin;C:\Users\xsj\bin;C:\Users\xsj\bin\Sencha\Cmd\7.5.1.20;Z:\develop\python3.7.9;C:\Windows\system32;C:\Windows;C:\Windows\System32\Wbem;C:\Windows\System32\WindowsPowerShell\v1.0;C:\Windows\System32\OpenSSH;C:\Program Files (x86)\NVIDIA Corporation\PhysX\Common;Z:\develop\jdk\bin;Z:\develop\mysql-8.0.22-winx64\mysql-8.0.22-winx64\bin;C:\Program Files\Microsoft SQL Server\150\Tools\Binn;C:\Program Files\Microsoft SQL Server\Client SDK\ODBC\170\Tools\Binn;C:\Program Files\dotnet;Z:\develop\maven\apache-maven-3.8.4-bin\apache-maven-3.8.4\bin;Z:\develop\nodejs;C:\ProgramData\chocolatey\bin;Z:\develop\redis;Z:\develop\Graphviz\bin;Z:\develop\git\Git\cmd;Z:\develop\python3.7.9\Scripts;D:\juice;C:\Users\xsj\bin\Sencha\Cmd;Z:\develop\ruby\Ruby31-x64\bin;C:\Users\xsj\AppData\Local\Microsoft\WindowsApps;C:\Program Files\Bandizip;C:\Users\xsj\.dotnet\tools;Z:\develop\nodejs\node_global;Z:\develop\jetbrains\WebStorm 2022.1\bin;Z:\develop\vscode\Microsoft VS Code\bin;C:\Users\xsj\AppData\Local\GitHubDesktop\bin;Z:\develop\jetbrains\IntelliJ IDEA 2019.3.5\bin
USERNAME=xsj
DISPLAY=:0.0
LC_ALL=en_US.UTF-8
OS=Windows_NT
PROCESSOR_IDENTIFIER=Intel64 Family 6 Model 167 Stepping 1, GenuineIntel



---------------  S Y S T E M  ---------------

OS: Windows 10 , 64 bit Build 19041 (10.0.19041.3570)
OS uptime: 5 days 8:48 hours

CPU:total 12 (initial active 12) (6 cores per cpu, 2 threads per core) family 6 model 167 stepping 1 microcode 0x40, cmov, cx8, fxsr, mmx, sse, sse2, sse3, ssse3, sse4.1, sse4.2, popcnt, avx, avx2, aes, clmul, erms, 3dnowpref, lzcnt, ht, tsc, tscinvbit, bmi1, bmi2, adx, evex, sha, fma

Memory: 4k page, system-wide physical 24297M (6816M free)
TotalPageFile size 30547M (AvailPageFile size 246M)
current process WorkingSet (physical memory assigned to process): 11M, peak: 11M
current process commit charge ("private bytes"): 65M, peak: 445M

vm_info: OpenJDK 64-Bit Server VM (11.0.12+7-b1504.40) for windows-amd64 JRE (11.0.12+7-b1504.40), built on Sep 23 2021 14:38:03 by "" with MS VC++ 14.0 (VS2015)

END.
