#
# There is insufficient memory for the Java Runtime Environment to continue.
# Native memory allocation (mmap) failed to map 398458880 bytes for Failed to commit area from 0x0000000684400000 to 0x000000069c000000 of length 398458880.
# Possible reasons:
#   The system is out of physical RAM or swap space
#   The process is running with CompressedOops enabled, and the Java Heap may be blocking the growth of the native heap
# Possible solutions:
#   Reduce memory load on the system
#   Increase physical memory or swap space
#   Check if swap backing store is full
#   Decrease Java heap size (-Xmx/-Xms)
#   Decrease number of Java threads
#   Decrease Java thread stack sizes (-Xss)
#   Set larger code cache with -XX:ReservedCodeCacheSize=
# This output file may be truncated or incomplete.
#
#  Out of Memory Error (./src/hotspot/os/windows/os_windows.cpp:3521), pid=281432, tid=279760
#
# JRE version:  (11.0.12+7) (build )
# Java VM: OpenJDK 64-Bit Server VM (11.0.12+7-b1504.40, mixed mode, sharing, tiered, compressed oops, g1 gc, windows-amd64)
# No core dump will be written. Minidumps are not enabled by default on client versions of Windows
#

---------------  S U M M A R Y ------------

Command Line: git4idea.http.GitAskPassApp Username for 'https://github.com': 

Host: 11th Gen Intel(R) Core(TM) i5-11500 @ 2.70GHz, 12 cores, 23G,  Windows 10 , 64 bit Build 19041 (10.0.19041.3570)
Time: Tue Oct 31 17:49:03 2023 中国标准时间 elapsed time: 0.016838 seconds (0d 0h 0m 0s)

---------------  T H R E A D  ---------------

Current thread (0x000001e55b49e800):  JavaThread "Unknown thread" [_thread_in_vm, id=279760, stack(0x0000007dccd00000,0x0000007dcce00000)]

Stack: [0x0000007dccd00000,0x0000007dcce00000]
Native frames: (J=compiled Java code, j=interpreted, Vv=VM code, C=native code)
V  [jvm.dll+0x5ff40a]
V  [jvm.dll+0x783b65]
V  [jvm.dll+0x78517d]
V  [jvm.dll+0x785833]
V  [jvm.dll+0x249408]
V  [jvm.dll+0x5fc7f4]
V  [jvm.dll+0x5f13c5]
V  [jvm.dll+0x3076bb]
V  [jvm.dll+0x30762a]
V  [jvm.dll+0x307502]
V  [jvm.dll+0x30c466]
V  [jvm.dll+0x355543]
V  [jvm.dll+0x355c46]
V  [jvm.dll+0x355643]
V  [jvm.dll+0x2e2018]
V  [jvm.dll+0x2e31c7]
V  [jvm.dll+0x761f57]
V  [jvm.dll+0x76374c]
V  [jvm.dll+0x362ab9]
V  [jvm.dll+0x7455be]
V  [jvm.dll+0x3cb673]
V  [jvm.dll+0x3cda21]
C  [jli.dll+0x536b]
C  [ucrtbase.dll+0x21bb2]
C  [KERNEL32.DLL+0x17344]
C  [ntdll.dll+0x526b1]


---------------  P R O C E S S  ---------------

Threads class SMR info:
_java_thread_list=0x000001e5592c2a70, length=0, elements={
}

Java Threads: ( => current thread )

Other Threads:
  0x000001e55b4b9800 GCTaskThread "GC Thread#0" [stack: 0x0000007dcce00000,0x0000007dccf00000] [id=280832]
  0x000001e55b541000 ConcurrentGCThread "G1 Main Marker" [stack: 0x0000007dccf00000,0x0000007dcd000000] [id=118900]
  0x000001e55b543000 ConcurrentGCThread "G1 Conc#0" [stack: 0x0000007dcd000000,0x0000007dcd100000] [id=279400]

[error occurred during error reporting (printing all threads), id 0xc0000005, EXCEPTION_ACCESS_VIOLATION (0xc0000005) at pc=0x00007ffa6d4327a7]

VM state:not at safepoint (not fully initialized)

VM Mutex/Monitor currently owned by a thread:  ([mutex/lock_event])
[0x000001e55b49bb10] Heap_lock - owner thread: 0x000001e55b49e800

Heap address: 0x0000000684400000, size: 6076 MB, Compressed Oops mode: Non-zero based: 0x0000000684400000
Narrow klass base: 0x0000000000000000, Narrow klass shift: 0

GC Heap History (0 events):
No events

Deoptimization events (0 events):
No events

Classes redefined (0 events):
No events

Internal exceptions (0 events):
No events

Events (1 events):
Event: 0.008 Loaded shared library Z:\develop\jetbrains\IntelliJ IDEA 2021.2.3\jbr\bin\zip.dll


Dynamic libraries:
0x00007ff600a40000 - 0x00007ff600a4a000 	Z:\develop\jetbrains\IntelliJ IDEA 2021.2.3\jbr\bin\java.exe
0x00007ffab4f10000 - 0x00007ffab5107000 	C:\Windows\SYSTEM32\ntdll.dll
0x00007ffab48f0000 - 0x00007ffab49ad000 	C:\Windows\System32\KERNEL32.DLL
0x00007ffab2640000 - 0x00007ffab2936000 	C:\Windows\System32\KERNELBASE.dll
0x00007ffab2940000 - 0x00007ffab2a40000 	C:\Windows\System32\ucrtbase.dll
0x00007ffa75310000 - 0x00007ffa75329000 	Z:\develop\jetbrains\IntelliJ IDEA 2021.2.3\jbr\bin\jli.dll
0x00007ffaa9cd0000 - 0x00007ffaa9ce7000 	Z:\develop\jetbrains\IntelliJ IDEA 2021.2.3\jbr\bin\VCRUNTIME140.dll
0x00007ffab2f70000 - 0x00007ffab310e000 	C:\Windows\System32\USER32.dll
0x00007ffab2a40000 - 0x00007ffab2a62000 	C:\Windows\System32\win32u.dll
0x00007ffab3ad0000 - 0x00007ffab3afc000 	C:\Windows\System32\GDI32.dll
0x00007ffab2a70000 - 0x00007ffab2b8a000 	C:\Windows\System32\gdi32full.dll
0x00007ffab2cd0000 - 0x00007ffab2d6d000 	C:\Windows\System32\msvcp_win.dll
0x00007ffaa00c0000 - 0x00007ffaa035a000 	C:\Windows\WinSxS\amd64_microsoft.windows.common-controls_6595b64144ccf1df_6.0.19041.3570_none_60bb2a3971f3e41a\COMCTL32.dll
0x00007ffab4a10000 - 0x00007ffab4aae000 	C:\Windows\System32\msvcrt.dll
0x00007ffab38f0000 - 0x00007ffab3920000 	C:\Windows\System32\IMM32.DLL
0x00007ffa70270000 - 0x00007ffa7030d000 	Z:\develop\jetbrains\IntelliJ IDEA 2021.2.3\jbr\bin\msvcp140.dll
0x00007ffa6d140000 - 0x00007ffa6dc98000 	Z:\develop\jetbrains\IntelliJ IDEA 2021.2.3\jbr\bin\server\jvm.dll
0x00007ffab4d60000 - 0x00007ffab4e0e000 	C:\Windows\System32\ADVAPI32.dll
0x00007ffab4bd0000 - 0x00007ffab4c6c000 	C:\Windows\System32\sechost.dll
0x00007ffab3210000 - 0x00007ffab3336000 	C:\Windows\System32\RPCRT4.dll
0x00007ffab4e10000 - 0x00007ffab4e18000 	C:\Windows\System32\PSAPI.DLL
0x00007ffaa97b0000 - 0x00007ffaa97d7000 	C:\Windows\SYSTEM32\WINMM.dll
0x00007ffa91e00000 - 0x00007ffa91e09000 	C:\Windows\SYSTEM32\WSOCK32.dll
0x00007ffab4c70000 - 0x00007ffab4cdb000 	C:\Windows\System32\WS2_32.dll
0x00007ffaaa1c0000 - 0x00007ffaaa1ca000 	C:\Windows\SYSTEM32\VERSION.dll
0x00007ffab0e70000 - 0x00007ffab0e82000 	C:\Windows\SYSTEM32\kernel.appcore.dll
0x00007ffa885c0000 - 0x00007ffa885d1000 	Z:\develop\jetbrains\IntelliJ IDEA 2021.2.3\jbr\bin\verify.dll
0x00007ffab01f0000 - 0x00007ffab03d4000 	C:\Windows\SYSTEM32\DBGHELP.DLL
0x00007ffaa9670000 - 0x00007ffaa96a4000 	C:\Windows\SYSTEM32\dbgcore.DLL
0x00007ffab2b90000 - 0x00007ffab2c12000 	C:\Windows\System32\bcryptPrimitives.dll
0x00007ffa7fe00000 - 0x00007ffa7fe29000 	Z:\develop\jetbrains\IntelliJ IDEA 2021.2.3\jbr\bin\java.dll
0x00007ffaaa480000 - 0x00007ffaaa48b000 	Z:\develop\jetbrains\IntelliJ IDEA 2021.2.3\jbr\bin\jimage.dll
0x00007ffa884f0000 - 0x00007ffa88508000 	Z:\develop\jetbrains\IntelliJ IDEA 2021.2.3\jbr\bin\zip.dll

dbghelp: loaded successfully - version: 4.0.5 - missing functions: none
symbol engine: initialized successfully - sym options: 0x614 - pdb path: .;Z:\develop\jetbrains\IntelliJ IDEA 2021.2.3\jbr\bin;C:\Windows\SYSTEM32;C:\Windows\WinSxS\amd64_microsoft.windows.common-controls_6595b64144ccf1df_6.0.19041.3570_none_60bb2a3971f3e41a;Z:\develop\jetbrains\IntelliJ IDEA 2021.2.3\jbr\bin\server

VM Arguments:
java_command: git4idea.http.GitAskPassApp Username for 'https://github.com': 
java_class_path (initial): Z:/develop/jetbrains/IntelliJ IDEA 2021.2.3/plugins/git4idea/lib/git4idea-rt.jar;Z:/develop/jetbrains/IntelliJ IDEA 2021.2.3/lib/3rd-party.jar
Launcher Type: SUN_STANDARD

[Global flags]
     intx CICompilerCount                          = 4                                         {product} {ergonomic}
     uint ConcGCThreads                            = 3                                         {product} {ergonomic}
     uint G1ConcRefinementThreads                  = 10                                        {product} {ergonomic}
   size_t G1HeapRegionSize                         = 1048576                                   {product} {ergonomic}
    uintx GCDrainStackTargetSize                   = 64                                        {product} {ergonomic}
   size_t InitialHeapSize                          = 398458880                                 {product} {ergonomic}
   size_t MarkStackSize                            = 4194304                                   {product} {ergonomic}
   size_t MaxHeapSize                              = 6371147776                                {product} {ergonomic}
   size_t MinHeapDeltaBytes                        = 1048576                                   {product} {ergonomic}
    uintx NonNMethodCodeHeapSize                   = 5836300                                {pd product} {ergonomic}
    uintx NonProfiledCodeHeapSize                  = 122910970                              {pd product} {ergonomic}
    uintx ProfiledCodeHeapSize                     = 122910970                              {pd product} {ergonomic}
    uintx ReservedCodeCacheSize                    = 251658240                              {pd product} {ergonomic}
     bool SegmentedCodeCache                       = true                                      {product} {ergonomic}
     bool UseCompressedClassPointers               = true                                 {lp64_product} {ergonomic}
     bool UseCompressedOops                        = true                                 {lp64_product} {ergonomic}
     bool UseG1GC                                  = true                                      {product} {ergonomic}
     bool UseLargePagesIndividualAllocation        = false                                  {pd product} {ergonomic}

Logging:
Log output configuration:
 #0: stdout all=warning uptime,level,tags
 #1: stderr all=off uptime,level,tags

Environment Variables:
JAVA_HOME=Z:\develop\jdk
PATH=Z:\develop\git\Git\mingw64\libexec\git-core;Z:\develop\git\Git\mingw64\libexec\git-core;Z:\develop\git\Git\mingw64\bin;Z:\develop\git\Git\usr\bin;C:\Users\xsj\bin;C:\Users\xsj\bin\Sencha\Cmd\7.5.1.20;Z:\develop\python3.7.9;C:\Windows\system32;C:\Windows;C:\Windows\System32\Wbem;C:\Windows\System32\WindowsPowerShell\v1.0;C:\Windows\System32\OpenSSH;C:\Program Files (x86)\NVIDIA Corporation\PhysX\Common;Z:\develop\jdk\bin;Z:\develop\mysql-8.0.22-winx64\mysql-8.0.22-winx64\bin;C:\Program Files\Microsoft SQL Server\150\Tools\Binn;C:\Program Files\Microsoft SQL Server\Client SDK\ODBC\170\Tools\Binn;C:\Program Files\dotnet;Z:\develop\maven\apache-maven-3.8.4-bin\apache-maven-3.8.4\bin;Z:\develop\nodejs;C:\ProgramData\chocolatey\bin;Z:\develop\redis;Z:\develop\Graphviz\bin;Z:\develop\git\Git\cmd;Z:\develop\python3.7.9\Scripts;D:\juice;C:\Users\xsj\bin\Sencha\Cmd;Z:\develop\ruby\Ruby31-x64\bin;C:\Users\xsj\AppData\Local\Microsoft\WindowsApps;C:\Program Files\Bandizip;C:\Users\xsj\.dotnet\tools;Z:\develop\nodejs\node_global;Z:\develop\jetbrains\WebStorm 2022.1\bin;Z:\develop\vscode\Microsoft VS Code\bin;C:\Users\xsj\AppData\Local\GitHubDesktop\bin;Z:\develop\jetbrains\IntelliJ IDEA 2019.3.5\bin
USERNAME=xsj
DISPLAY=:0.0
LC_ALL=en_US.UTF-8
OS=Windows_NT
PROCESSOR_IDENTIFIER=Intel64 Family 6 Model 167 Stepping 1, GenuineIntel



---------------  S Y S T E M  ---------------

OS: Windows 10 , 64 bit Build 19041 (10.0.19041.3570)
OS uptime: 1 days 9:36 hours

CPU:total 12 (initial active 12) (6 cores per cpu, 2 threads per core) family 6 model 167 stepping 1 microcode 0x40, cmov, cx8, fxsr, mmx, sse, sse2, sse3, ssse3, sse4.1, sse4.2, popcnt, avx, avx2, aes, clmul, erms, 3dnowpref, lzcnt, ht, tsc, tscinvbit, bmi1, bmi2, adx, evex, sha, fma

Memory: 4k page, system-wide physical 24297M (5401M free)
TotalPageFile size 30547M (AvailPageFile size 338M)
current process WorkingSet (physical memory assigned to process): 11M, peak: 11M
current process commit charge ("private bytes"): 65M, peak: 445M

vm_info: OpenJDK 64-Bit Server VM (11.0.12+7-b1504.40) for windows-amd64 JRE (11.0.12+7-b1504.40), built on Sep 23 2021 14:38:03 by "" with MS VC++ 14.0 (VS2015)

END.
